This file contains any messages produced by compilers while
running configure, to aid debugging if configure makes a mistake.

It was created by zookeeper C client configure 3.3.6, which was
generated by GNU Autoconf 2.68.  Invocation command line was

  $ ./configure 

## --------- ##
## Platform. ##
## --------- ##

hostname = localhost.localdomain
uname -m = x86_64
uname -r = 2.6.18-164.el5
uname -s = Linux
uname -v = #1 SMP Thu Sep 3 03:28:30 EDT 2009

/usr/bin/uname -p = unknown
/bin/uname -X     = unknown

/bin/arch              = x86_64
/usr/bin/arch -k       = unknown
/usr/convex/getsysinfo = unknown
/usr/bin/hostinfo      = unknown
/bin/machine           = unknown
/usr/bin/oslevel       = unknown
/bin/universe          = unknown

PATH: /usr/kerberos/sbin
PATH: /usr/java/jdk1.7.0_04//bin
PATH: /usr/java/jdk1.7.0_04//jre/bin
PATH: /usr/kerberos/bin
PATH: /usr/local/bin
PATH: /bin
PATH: /usr/bin
PATH: /usr/local/webserver/php/bin/
PATH: /data/apache-tomcat-7.0.16/bin
PATH: /home/yangyuntao/bin


## ----------- ##
## Core tests. ##
## ----------- ##

configure:2563: checking for doxygen
configure:2581: found /usr/bin/doxygen
configure:2593: result: /usr/bin/doxygen
configure:2669: checking for perl
configure:2687: found /usr/bin/perl
configure:2699: result: /usr/bin/perl
configure:2841: checking for dot
configure:2874: result: no
configure:4428: checking for a BSD-compatible install
configure:4496: result: /usr/bin/install -c
configure:4507: checking whether build environment is sane
configure:4557: result: yes
configure:4698: checking for a thread-safe mkdir -p
configure:4737: result: /bin/mkdir -p
configure:4750: checking for gawk
configure:4766: found /bin/gawk
configure:4777: result: gawk
configure:4788: checking whether make sets $(MAKE)
configure:4810: result: yes
configure:4940: checking for cppunit-config
configure:4971: result: no
configure:4981: checking for Cppunit - version >= 1.10.2
configure:4985: result: no
configure:5053: checking for generated/zookeeper.jute.c
configure:5066: result: yes
configure:5078: checking for generated/zookeeper.jute.h
configure:5091: result: yes
configure:5155: checking for gcc
configure:5171: found /usr/bin/gcc
configure:5182: result: gcc
configure:5411: checking for C compiler version
configure:5420: gcc --version >&5
gcc (GCC) 4.1.2 20080704 (Red Hat 4.1.2-46)
Copyright (C) 2006 Free Software Foundation, Inc.
This is free software; see the source for copying conditions.  There is NO
warranty; not even for MERCHANTABILITY or FITNESS FOR A PARTICULAR PURPOSE.

configure:5431: $? = 0
configure:5420: gcc -v >&5
Using built-in specs.
Target: x86_64-redhat-linux
Configured with: ../configure --prefix=/usr --mandir=/usr/share/man --infodir=/usr/share/info --enable-shared --enable-threads=posix --enable-checking=release --with-system-zlib --enable-__cxa_atexit --disable-libunwind-exceptions --enable-libgcj-multifile --enable-languages=c,c++,objc,obj-c++,java,fortran,ada --enable-java-awt=gtk --disable-dssi --enable-plugin --with-java-home=/usr/lib/jvm/java-1.4.2-gcj-1.4.2.0/jre --with-cpu=generic --host=x86_64-redhat-linux
Thread model: posix
gcc version 4.1.2 20080704 (Red Hat 4.1.2-46)
configure:5431: $? = 0
configure:5420: gcc -V >&5
gcc: '-V' option must have argument
configure:5431: $? = 1
configure:5420: gcc -qversion >&5
gcc: unrecognized option '-qversion'
gcc: no input files
configure:5431: $? = 1
configure:5451: checking whether the C compiler works
configure:5473: gcc    conftest.c  >&5
configure:5477: $? = 0
configure:5525: result: yes
configure:5528: checking for C compiler default output file name
configure:5530: result: a.out
configure:5536: checking for suffix of executables
configure:5543: gcc -o conftest    conftest.c  >&5
configure:5547: $? = 0
configure:5569: result: 
configure:5591: checking whether we are cross compiling
configure:5599: gcc -o conftest    conftest.c  >&5
configure:5603: $? = 0
configure:5610: ./conftest
configure:5614: $? = 0
configure:5629: result: no
configure:5634: checking for suffix of object files
configure:5656: gcc -c   conftest.c >&5
configure:5660: $? = 0
configure:5681: result: o
configure:5685: checking whether we are using the GNU C compiler
configure:5704: gcc -c   conftest.c >&5
configure:5704: $? = 0
configure:5713: result: yes
configure:5722: checking whether gcc accepts -g
configure:5742: gcc -c -g  conftest.c >&5
configure:5742: $? = 0
configure:5783: result: yes
configure:5800: checking for gcc option to accept ISO C89
configure:5864: gcc  -c -g -O2  conftest.c >&5
configure:5864: $? = 0
configure:5877: result: none needed
configure:5908: checking for style of include used by make
configure:5936: result: GNU
configure:5962: checking dependency style of gcc
configure:6073: result: gcc3
configure:6089: checking whether gcc and cc understand -c and -o together
configure:6120: gcc -c conftest.c -o conftest2.o >&5
configure:6124: $? = 0
configure:6130: gcc -c conftest.c -o conftest2.o >&5
configure:6134: $? = 0
configure:6145: cc -c conftest.c >&5
configure:6149: $? = 0
configure:6157: cc -c conftest.c -o conftest2.o >&5
configure:6161: $? = 0
configure:6167: cc -c conftest.c -o conftest2.o >&5
configure:6171: $? = 0
configure:6189: result: yes
configure:6272: checking for g++
configure:6288: found /usr/bin/g++
configure:6299: result: g++
configure:6326: checking for C++ compiler version
configure:6335: g++ --version >&5
g++ (GCC) 4.1.2 20080704 (Red Hat 4.1.2-46)
Copyright (C) 2006 Free Software Foundation, Inc.
This is free software; see the source for copying conditions.  There is NO
warranty; not even for MERCHANTABILITY or FITNESS FOR A PARTICULAR PURPOSE.

configure:6346: $? = 0
configure:6335: g++ -v >&5
Using built-in specs.
Target: x86_64-redhat-linux
Configured with: ../configure --prefix=/usr --mandir=/usr/share/man --infodir=/usr/share/info --enable-shared --enable-threads=posix --enable-checking=release --with-system-zlib --enable-__cxa_atexit --disable-libunwind-exceptions --enable-libgcj-multifile --enable-languages=c,c++,objc,obj-c++,java,fortran,ada --enable-java-awt=gtk --disable-dssi --enable-plugin --with-java-home=/usr/lib/jvm/java-1.4.2-gcj-1.4.2.0/jre --with-cpu=generic --host=x86_64-redhat-linux
Thread model: posix
gcc version 4.1.2 20080704 (Red Hat 4.1.2-46)
configure:6346: $? = 0
configure:6335: g++ -V >&5
g++: '-V' option must have argument
configure:6346: $? = 1
configure:6335: g++ -qversion >&5
g++: unrecognized option '-qversion'
g++: no input files
configure:6346: $? = 1
configure:6350: checking whether we are using the GNU C++ compiler
configure:6369: g++ -c   conftest.cpp >&5
configure:6369: $? = 0
configure:6378: result: yes
configure:6387: checking whether g++ accepts -g
configure:6407: g++ -c -g  conftest.cpp >&5
configure:6407: $? = 0
configure:6448: result: yes
configure:6473: checking dependency style of g++
configure:6584: result: gcc3
configure:6600: checking whether ln -s works
configure:6604: result: yes
configure:6642: checking build system type
configure:6656: result: x86_64-unknown-linux-gnu
configure:6676: checking host system type
configure:6689: result: x86_64-unknown-linux-gnu
configure:6730: checking how to print strings
configure:6757: result: printf
configure:6778: checking for a sed that does not truncate output
configure:6842: result: /bin/sed
configure:6860: checking for grep that handles long lines and -e
configure:6918: result: /bin/grep
configure:6923: checking for egrep
configure:6985: result: /bin/grep -E
configure:6990: checking for fgrep
configure:7052: result: /bin/grep -F
configure:7087: checking for ld used by gcc
configure:7154: result: /usr/bin/ld
configure:7161: checking if the linker (/usr/bin/ld) is GNU ld
configure:7176: result: yes
configure:7188: checking for BSD- or MS-compatible name lister (nm)
configure:7237: result: /usr/bin/nm -B
configure:7367: checking the name lister (/usr/bin/nm -B) interface
configure:7374: gcc -c -g -O2  conftest.c >&5
configure:7377: /usr/bin/nm -B "conftest.o"
configure:7380: output
0000000000000000 B some_variable
configure:7387: result: BSD nm
configure:7391: checking the maximum length of command line arguments
configure:7521: result: 98304
configure:7538: checking whether the shell understands some XSI constructs
configure:7548: result: yes
configure:7552: checking whether the shell understands "+="
configure:7558: result: yes
configure:7593: checking how to convert x86_64-unknown-linux-gnu file names to x86_64-unknown-linux-gnu format
configure:7633: result: func_convert_file_noop
configure:7640: checking how to convert x86_64-unknown-linux-gnu file names to toolchain format
configure:7660: result: func_convert_file_noop
configure:7667: checking for /usr/bin/ld option to reload object files
configure:7674: result: -r
configure:7748: checking for objdump
configure:7764: found /usr/bin/objdump
configure:7775: result: objdump
configure:7807: checking how to recognize dependent libraries
configure:8009: result: pass_all
configure:8094: checking for dlltool
configure:8124: result: no
configure:8154: checking how to associate runtime and link libraries
configure:8181: result: printf %s\n
configure:8242: checking for ar
configure:8258: found /usr/bin/ar
configure:8269: result: ar
configure:8306: checking for archiver @FILE support
configure:8323: gcc -c -g -O2  conftest.c >&5
configure:8323: $? = 0
configure:8326: ar cru libconftest.a @conftest.lst >&5
configure:8329: $? = 0
configure:8334: ar cru libconftest.a @conftest.lst >&5
ar: conftest.o: No such file or directory
configure:8337: $? = 1
configure:8349: result: @
configure:8407: checking for strip
configure:8423: found /usr/bin/strip
configure:8434: result: strip
configure:8506: checking for ranlib
configure:8522: found /usr/bin/ranlib
configure:8533: result: ranlib
configure:8635: checking command to parse /usr/bin/nm -B output from gcc object
configure:8755: gcc -c -g -O2  conftest.c >&5
configure:8758: $? = 0
configure:8762: /usr/bin/nm -B conftest.o \| sed -n -e 's/^.*[ ]\([ABCDGIRSTW][ABCDGIRSTW]*\)[ ][ ]*\([_A-Za-z][_A-Za-z0-9]*\)$/\1 \2 \2/p' | sed '/ __gnu_lto/d' \> conftest.nm
configure:8765: $? = 0
configure:8831: gcc -o conftest -g -O2   conftest.c conftstm.o >&5
configure:8834: $? = 0
configure:8872: result: ok
configure:8909: checking for sysroot
configure:8939: result: no
configure:9016: gcc -c -g -O2  conftest.c >&5
configure:9019: $? = 0
configure:9195: checking for mt
configure:9225: result: no
configure:9245: checking if : is a manifest tool
configure:9251: : '-?'
configure:9259: result: no
configure:9901: checking how to run the C preprocessor
configure:9932: gcc -E  conftest.c
configure:9932: $? = 0
configure:9946: gcc -E  conftest.c
conftest.c:13:28: error: ac_nonexistent.h: No such file or directory
configure:9946: $? = 1
configure: failed program was:
| /* confdefs.h */
| #define PACKAGE_NAME "zookeeper C client"
| #define PACKAGE_TARNAME "c-client-src"
| #define PACKAGE_VERSION "3.3.6"
| #define PACKAGE_STRING "zookeeper C client 3.3.6"
| #define PACKAGE_BUGREPORT "zookeeper-user@hadoop.apache.org"
| #define PACKAGE_URL ""
| #define PACKAGE "c-client-src"
| #define VERSION "3.3.6"
| #define HAVE_GENERATED_ZOOKEEPER_JUTE_C 1
| #define HAVE_GENERATED_ZOOKEEPER_JUTE_H 1
| /* end confdefs.h.  */
| #include <ac_nonexistent.h>
configure:9971: result: gcc -E
configure:9991: gcc -E  conftest.c
configure:9991: $? = 0
configure:10005: gcc -E  conftest.c
conftest.c:13:28: error: ac_nonexistent.h: No such file or directory
configure:10005: $? = 1
configure: failed program was:
| /* confdefs.h */
| #define PACKAGE_NAME "zookeeper C client"
| #define PACKAGE_TARNAME "c-client-src"
| #define PACKAGE_VERSION "3.3.6"
| #define PACKAGE_STRING "zookeeper C client 3.3.6"
| #define PACKAGE_BUGREPORT "zookeeper-user@hadoop.apache.org"
| #define PACKAGE_URL ""
| #define PACKAGE "c-client-src"
| #define VERSION "3.3.6"
| #define HAVE_GENERATED_ZOOKEEPER_JUTE_C 1
| #define HAVE_GENERATED_ZOOKEEPER_JUTE_H 1
| /* end confdefs.h.  */
| #include <ac_nonexistent.h>
configure:10034: checking for ANSI C header files
configure:10054: gcc -c -g -O2  conftest.c >&5
configure:10054: $? = 0
configure:10127: gcc -o conftest -g -O2   conftest.c  >&5
configure:10127: $? = 0
configure:10127: ./conftest
configure:10127: $? = 0
configure:10138: result: yes
configure:10151: checking for sys/types.h
configure:10151: gcc -c -g -O2  conftest.c >&5
configure:10151: $? = 0
configure:10151: result: yes
configure:10151: checking for sys/stat.h
configure:10151: gcc -c -g -O2  conftest.c >&5
configure:10151: $? = 0
configure:10151: result: yes
configure:10151: checking for stdlib.h
configure:10151: gcc -c -g -O2  conftest.c >&5
configure:10151: $? = 0
configure:10151: result: yes
configure:10151: checking for string.h
configure:10151: gcc -c -g -O2  conftest.c >&5
configure:10151: $? = 0
configure:10151: result: yes
configure:10151: checking for memory.h
configure:10151: gcc -c -g -O2  conftest.c >&5
configure:10151: $? = 0
configure:10151: result: yes
configure:10151: checking for strings.h
configure:10151: gcc -c -g -O2  conftest.c >&5
configure:10151: $? = 0
configure:10151: result: yes
configure:10151: checking for inttypes.h
configure:10151: gcc -c -g -O2  conftest.c >&5
configure:10151: $? = 0
configure:10151: result: yes
configure:10151: checking for stdint.h
configure:10151: gcc -c -g -O2  conftest.c >&5
configure:10151: $? = 0
configure:10151: result: yes
configure:10151: checking for unistd.h
configure:10151: gcc -c -g -O2  conftest.c >&5
configure:10151: $? = 0
configure:10151: result: yes
configure:10165: checking for dlfcn.h
configure:10165: gcc -c -g -O2  conftest.c >&5
configure:10165: $? = 0
configure:10165: result: yes
configure:10382: checking for objdir
configure:10397: result: .libs
configure:10664: checking if gcc supports -fno-rtti -fno-exceptions
configure:10682: gcc -c -g -O2  -fno-rtti -fno-exceptions conftest.c >&5
cc1: warning: command line option "-fno-rtti" is valid for C++/ObjC++ but not for C
configure:10686: $? = 0
configure:10699: result: no
configure:11026: checking for gcc option to produce PIC
configure:11033: result: -fPIC -DPIC
configure:11041: checking if gcc PIC flag -fPIC -DPIC works
configure:11059: gcc -c -g -O2  -fPIC -DPIC -DPIC conftest.c >&5
configure:11063: $? = 0
configure:11076: result: yes
configure:11105: checking if gcc static flag -static works
configure:11133: result: yes
configure:11148: checking if gcc supports -c -o file.o
configure:11169: gcc -c -g -O2  -o out/conftest2.o conftest.c >&5
configure:11173: $? = 0
configure:11195: result: yes
configure:11203: checking if gcc supports -c -o file.o
configure:11250: result: yes
configure:11283: checking whether the gcc linker (/usr/bin/ld -m elf_x86_64) supports shared libraries
configure:12440: result: yes
configure:12477: checking whether -lc should be explicitly linked in
configure:12485: gcc -c -g -O2  conftest.c >&5
configure:12488: $? = 0
configure:12503: gcc -shared  -fPIC -DPIC conftest.o  -v -Wl,-soname -Wl,conftest -o conftest 2\>\&1 \| /bin/grep  -lc  \>/dev/null 2\>\&1
configure:12506: $? = 0
configure:12520: result: no
configure:12680: checking dynamic linker characteristics
configure:13191: gcc -o conftest -g -O2   -Wl,-rpath -Wl,/foo conftest.c  >&5
configure:13191: $? = 0
configure:13425: result: GNU/Linux ld.so
configure:13532: checking how to hardcode library paths into programs
configure:13557: result: immediate
configure:14097: checking whether stripping libraries is possible
configure:14102: result: yes
configure:14137: checking if libtool supports shared libraries
configure:14139: result: yes
configure:14142: checking whether to build shared libraries
configure:14163: result: yes
configure:14166: checking whether to build static libraries
configure:14170: result: yes
configure:14193: checking how to run the C++ preprocessor
configure:14220: g++ -E  conftest.cpp
configure:14220: $? = 0
configure:14234: g++ -E  conftest.cpp
conftest.cpp:25:28: error: ac_nonexistent.h: No such file or directory
configure:14234: $? = 1
configure: failed program was:
| /* confdefs.h */
| #define PACKAGE_NAME "zookeeper C client"
| #define PACKAGE_TARNAME "c-client-src"
| #define PACKAGE_VERSION "3.3.6"
| #define PACKAGE_STRING "zookeeper C client 3.3.6"
| #define PACKAGE_BUGREPORT "zookeeper-user@hadoop.apache.org"
| #define PACKAGE_URL ""
| #define PACKAGE "c-client-src"
| #define VERSION "3.3.6"
| #define HAVE_GENERATED_ZOOKEEPER_JUTE_C 1
| #define HAVE_GENERATED_ZOOKEEPER_JUTE_H 1
| #define STDC_HEADERS 1
| #define HAVE_SYS_TYPES_H 1
| #define HAVE_SYS_STAT_H 1
| #define HAVE_STDLIB_H 1
| #define HAVE_STRING_H 1
| #define HAVE_MEMORY_H 1
| #define HAVE_STRINGS_H 1
| #define HAVE_INTTYPES_H 1
| #define HAVE_STDINT_H 1
| #define HAVE_UNISTD_H 1
| #define HAVE_DLFCN_H 1
| #define LT_OBJDIR ".libs/"
| /* end confdefs.h.  */
| #include <ac_nonexistent.h>
configure:14259: result: g++ -E
configure:14279: g++ -E  conftest.cpp
configure:14279: $? = 0
configure:14293: g++ -E  conftest.cpp
conftest.cpp:25:28: error: ac_nonexistent.h: No such file or directory
configure:14293: $? = 1
configure: failed program was:
| /* confdefs.h */
| #define PACKAGE_NAME "zookeeper C client"
| #define PACKAGE_TARNAME "c-client-src"
| #define PACKAGE_VERSION "3.3.6"
| #define PACKAGE_STRING "zookeeper C client 3.3.6"
| #define PACKAGE_BUGREPORT "zookeeper-user@hadoop.apache.org"
| #define PACKAGE_URL ""
| #define PACKAGE "c-client-src"
| #define VERSION "3.3.6"
| #define HAVE_GENERATED_ZOOKEEPER_JUTE_C 1
| #define HAVE_GENERATED_ZOOKEEPER_JUTE_H 1
| #define STDC_HEADERS 1
| #define HAVE_SYS_TYPES_H 1
| #define HAVE_SYS_STAT_H 1
| #define HAVE_STDLIB_H 1
| #define HAVE_STRING_H 1
| #define HAVE_MEMORY_H 1
| #define HAVE_STRINGS_H 1
| #define HAVE_INTTYPES_H 1
| #define HAVE_STDINT_H 1
| #define HAVE_UNISTD_H 1
| #define HAVE_DLFCN_H 1
| #define LT_OBJDIR ".libs/"
| /* end confdefs.h.  */
| #include <ac_nonexistent.h>
configure:14462: checking for ld used by g++
configure:14529: result: /usr/bin/ld -m elf_x86_64
configure:14536: checking if the linker (/usr/bin/ld -m elf_x86_64) is GNU ld
configure:14551: result: yes
configure:14606: checking whether the g++ linker (/usr/bin/ld -m elf_x86_64) supports shared libraries
configure:15611: result: yes
configure:15647: g++ -c -g -O2  conftest.cpp >&5
configure:15650: $? = 0
configure:16170: checking for g++ option to produce PIC
configure:16177: result: -fPIC -DPIC
configure:16185: checking if g++ PIC flag -fPIC -DPIC works
configure:16203: g++ -c -g -O2  -fPIC -DPIC -DPIC conftest.cpp >&5
configure:16207: $? = 0
configure:16220: result: yes
configure:16243: checking if g++ static flag -static works
configure:16271: result: yes
configure:16283: checking if g++ supports -c -o file.o
configure:16304: g++ -c -g -O2  -o out/conftest2.o conftest.cpp >&5
configure:16308: $? = 0
configure:16330: result: yes
configure:16335: checking if g++ supports -c -o file.o
configure:16382: result: yes
configure:16412: checking whether the g++ linker (/usr/bin/ld -m elf_x86_64) supports shared libraries
configure:16451: result: yes
configure:16592: checking dynamic linker characteristics
configure:17271: result: GNU/Linux ld.so
configure:17324: checking how to hardcode library paths into programs
configure:17349: result: immediate
configure:17433: checking for pthread_mutex_lock in -lpthread
configure:17458: gcc -o conftest -g -O2 -D_GNU_SOURCE   conftest.c -lpthread   >&5
configure:17458: $? = 0
configure:17467: result: yes
configure:17482: building with SyncAPI support
configure:17499: checking for ANSI C header files
configure:17603: result: yes
configure:17614: checking arpa/inet.h usability
configure:17614: gcc -c -g -O2 -D_GNU_SOURCE  conftest.c >&5
configure:17614: $? = 0
configure:17614: result: yes
configure:17614: checking arpa/inet.h presence
configure:17614: gcc -E  conftest.c
configure:17614: $? = 0
configure:17614: result: yes
configure:17614: checking for arpa/inet.h
configure:17614: result: yes
configure:17614: checking fcntl.h usability
configure:17614: gcc -c -g -O2 -D_GNU_SOURCE  conftest.c >&5
configure:17614: $? = 0
configure:17614: result: yes
configure:17614: checking fcntl.h presence
configure:17614: gcc -E  conftest.c
configure:17614: $? = 0
configure:17614: result: yes
configure:17614: checking for fcntl.h
configure:17614: result: yes
configure:17614: checking netdb.h usability
configure:17614: gcc -c -g -O2 -D_GNU_SOURCE  conftest.c >&5
configure:17614: $? = 0
configure:17614: result: yes
configure:17614: checking netdb.h presence
configure:17614: gcc -E  conftest.c
configure:17614: $? = 0
configure:17614: result: yes
configure:17614: checking for netdb.h
configure:17614: result: yes
configure:17614: checking netinet/in.h usability
configure:17614: gcc -c -g -O2 -D_GNU_SOURCE  conftest.c >&5
configure:17614: $? = 0
configure:17614: result: yes
configure:17614: checking netinet/in.h presence
configure:17614: gcc -E  conftest.c
configure:17614: $? = 0
configure:17614: result: yes
configure:17614: checking for netinet/in.h
configure:17614: result: yes
configure:17614: checking for stdlib.h
configure:17614: result: yes
configure:17614: checking for string.h
configure:17614: result: yes
configure:17614: checking sys/socket.h usability
configure:17614: gcc -c -g -O2 -D_GNU_SOURCE  conftest.c >&5
configure:17614: $? = 0
configure:17614: result: yes
configure:17614: checking sys/socket.h presence
configure:17614: gcc -E  conftest.c
configure:17614: $? = 0
configure:17614: result: yes
configure:17614: checking for sys/socket.h
configure:17614: result: yes
configure:17614: checking sys/time.h usability
configure:17614: gcc -c -g -O2 -D_GNU_SOURCE  conftest.c >&5
configure:17614: $? = 0
configure:17614: result: yes
configure:17614: checking sys/time.h presence
configure:17614: gcc -E  conftest.c
configure:17614: $? = 0
configure:17614: result: yes
configure:17614: checking for sys/time.h
configure:17614: result: yes
configure:17614: checking for unistd.h
configure:17614: result: yes
configure:17614: checking sys/utsname.h usability
configure:17614: gcc -c -g -O2 -D_GNU_SOURCE  conftest.c >&5
configure:17614: $? = 0
configure:17614: result: yes
configure:17614: checking sys/utsname.h presence
configure:17614: gcc -E  conftest.c
configure:17614: $? = 0
configure:17614: result: yes
configure:17614: checking for sys/utsname.h
configure:17614: result: yes
configure:17626: checking for an ANSI C-conforming const
configure:17691: gcc -c -g -O2 -D_GNU_SOURCE  conftest.c >&5
configure:17691: $? = 0
configure:17698: result: yes
configure:17706: checking for inline
configure:17722: gcc -c -g -O2 -D_GNU_SOURCE  conftest.c >&5
configure:17722: $? = 0
configure:17730: result: inline
configure:17748: checking whether time.h and sys/time.h may both be included
configure:17768: gcc -c -g -O2 -D_GNU_SOURCE  conftest.c >&5
configure:17768: $? = 0
configure:17775: result: yes
configure:17783: checking for nfds_t
configure:17783: gcc -c -g -O2 -D_GNU_SOURCE  conftest.c >&5
configure:17783: $? = 0
configure:17783: gcc -c -g -O2 -D_GNU_SOURCE  conftest.c >&5
conftest.c: In function 'main':
conftest.c:42: error: expected expression before ')' token
configure:17783: $? = 1
configure: failed program was:
| /* confdefs.h */
| #define PACKAGE_NAME "zookeeper C client"
| #define PACKAGE_TARNAME "c-client-src"
| #define PACKAGE_VERSION "3.3.6"
| #define PACKAGE_STRING "zookeeper C client 3.3.6"
| #define PACKAGE_BUGREPORT "zookeeper-user@hadoop.apache.org"
| #define PACKAGE_URL ""
| #define PACKAGE "c-client-src"
| #define VERSION "3.3.6"
| #define HAVE_GENERATED_ZOOKEEPER_JUTE_C 1
| #define HAVE_GENERATED_ZOOKEEPER_JUTE_H 1
| #define STDC_HEADERS 1
| #define HAVE_SYS_TYPES_H 1
| #define HAVE_SYS_STAT_H 1
| #define HAVE_STDLIB_H 1
| #define HAVE_STRING_H 1
| #define HAVE_MEMORY_H 1
| #define HAVE_STRINGS_H 1
| #define HAVE_INTTYPES_H 1
| #define HAVE_STDINT_H 1
| #define HAVE_UNISTD_H 1
| #define HAVE_DLFCN_H 1
| #define LT_OBJDIR ".libs/"
| #define STDC_HEADERS 1
| #define HAVE_ARPA_INET_H 1
| #define HAVE_FCNTL_H 1
| #define HAVE_NETDB_H 1
| #define HAVE_NETINET_IN_H 1
| #define HAVE_STDLIB_H 1
| #define HAVE_STRING_H 1
| #define HAVE_SYS_SOCKET_H 1
| #define HAVE_SYS_TIME_H 1
| #define HAVE_UNISTD_H 1
| #define HAVE_SYS_UTSNAME_H 1
| #define TIME_WITH_SYS_TIME 1
| /* end confdefs.h.  */
| #include <poll.h>
| 
| int
| main ()
| {
| if (sizeof ((nfds_t)))
| 	    return 0;
|   ;
|   return 0;
| }
configure:17783: result: yes
configure:17796: checking whether to enable ipv6
configure:17818: gcc -o conftest -g -O2 -D_GNU_SOURCE   conftest.c  >&5
conftest.c: In function 'main':
conftest.c:44: warning: incompatible implicit declaration of built-in function 'exit'
configure:17818: $? = 0
configure:17818: ./conftest
configure:17818: $? = 0
configure:17819: result: yes
configure:17841: checking for getcwd
configure:17841: gcc -o conftest -g -O2 -D_GNU_SOURCE   conftest.c  >&5
configure:17841: $? = 0
configure:17841: result: yes
configure:17841: checking for gethostbyname
configure:17841: gcc -o conftest -g -O2 -D_GNU_SOURCE   conftest.c  >&5
configure:17841: $? = 0
configure:17841: result: yes
configure:17841: checking for gethostname
configure:17841: gcc -o conftest -g -O2 -D_GNU_SOURCE   conftest.c  >&5
configure:17841: $? = 0
configure:17841: result: yes
configure:17841: checking for getlogin
configure:17841: gcc -o conftest -g -O2 -D_GNU_SOURCE   conftest.c  >&5
configure:17841: $? = 0
configure:17841: result: yes
configure:17841: checking for getpwuid_r
configure:17841: gcc -o conftest -g -O2 -D_GNU_SOURCE   conftest.c  >&5
configure:17841: $? = 0
configure:17841: result: yes
configure:17841: checking for gettimeofday
configure:17841: gcc -o conftest -g -O2 -D_GNU_SOURCE   conftest.c  >&5
configure:17841: $? = 0
configure:17841: result: yes
configure:17841: checking for getuid
configure:17841: gcc -o conftest -g -O2 -D_GNU_SOURCE   conftest.c  >&5
configure:17841: $? = 0
configure:17841: result: yes
configure:17841: checking for memmove
configure:17841: gcc -o conftest -g -O2 -D_GNU_SOURCE   conftest.c  >&5
conftest.c:68: warning: conflicting types for built-in function 'memmove'
configure:17841: $? = 0
configure:17841: result: yes
configure:17841: checking for memset
configure:17841: gcc -o conftest -g -O2 -D_GNU_SOURCE   conftest.c  >&5
conftest.c:69: warning: conflicting types for built-in function 'memset'
configure:17841: $? = 0
configure:17841: result: yes
configure:17841: checking for poll
configure:17841: gcc -o conftest -g -O2 -D_GNU_SOURCE   conftest.c  >&5
configure:17841: $? = 0
configure:17841: result: yes
configure:17841: checking for socket
configure:17841: gcc -o conftest -g -O2 -D_GNU_SOURCE   conftest.c  >&5
configure:17841: $? = 0
configure:17841: result: yes
configure:17841: checking for strchr
configure:17841: gcc -o conftest -g -O2 -D_GNU_SOURCE   conftest.c  >&5
conftest.c:72: warning: conflicting types for built-in function 'strchr'
configure:17841: $? = 0
configure:17841: result: yes
configure:17841: checking for strdup
configure:17841: gcc -o conftest -g -O2 -D_GNU_SOURCE   conftest.c  >&5
conftest.c:73: warning: conflicting types for built-in function 'strdup'
configure:17841: $? = 0
configure:17841: result: yes
configure:17841: checking for strerror
configure:17841: gcc -o conftest -g -O2 -D_GNU_SOURCE   conftest.c  >&5
configure:17841: $? = 0
configure:17841: result: yes
configure:17841: checking for strtol
configure:17841: gcc -o conftest -g -O2 -D_GNU_SOURCE   conftest.c  >&5
configure:17841: $? = 0
configure:17841: result: yes
configure:18079: creating ./config.status

## ---------------------- ##
## Running config.status. ##
## ---------------------- ##

This file was extended by zookeeper C client config.status 3.3.6, which was
generated by GNU Autoconf 2.68.  Invocation command line was

  CONFIG_FILES    = 
  CONFIG_HEADERS  = 
  CONFIG_LINKS    = 
  CONFIG_COMMANDS = 
  $ ./config.status 

on localhost.localdomain

config.status:1234: creating Makefile
config.status:1234: creating config.h
config.status:1415: config.h is unchanged
config.status:1463: executing depfiles commands
config.status:1463: executing libtool commands

## ---------------- ##
## Cache variables. ##
## ---------------- ##

ac_cv_build=x86_64-unknown-linux-gnu
ac_cv_c_compiler_gnu=yes
ac_cv_c_const=yes
ac_cv_c_inline=inline
ac_cv_cxx_compiler_gnu=yes
ac_cv_env_CCC_set=
ac_cv_env_CCC_value=
ac_cv_env_CC_set=
ac_cv_env_CC_value=
ac_cv_env_CFLAGS_set=
ac_cv_env_CFLAGS_value=
ac_cv_env_CPPFLAGS_set=
ac_cv_env_CPPFLAGS_value=
ac_cv_env_CPP_set=
ac_cv_env_CPP_value=
ac_cv_env_CXXCPP_set=
ac_cv_env_CXXCPP_value=
ac_cv_env_CXXFLAGS_set=
ac_cv_env_CXXFLAGS_value=
ac_cv_env_CXX_set=
ac_cv_env_CXX_value=
ac_cv_env_DOXYGEN_PAPER_SIZE_set=
ac_cv_env_DOXYGEN_PAPER_SIZE_value=
ac_cv_env_LDFLAGS_set=
ac_cv_env_LDFLAGS_value=
ac_cv_env_LIBS_set=
ac_cv_env_LIBS_value=
ac_cv_env_build_alias_set=
ac_cv_env_build_alias_value=
ac_cv_env_host_alias_set=
ac_cv_env_host_alias_value=
ac_cv_env_target_alias_set=
ac_cv_env_target_alias_value=
ac_cv_file_generated_zookeeper_jute_c=yes
ac_cv_file_generated_zookeeper_jute_h=yes
ac_cv_func_getcwd=yes
ac_cv_func_gethostbyname=yes
ac_cv_func_gethostname=yes
ac_cv_func_getlogin=yes
ac_cv_func_getpwuid_r=yes
ac_cv_func_gettimeofday=yes
ac_cv_func_getuid=yes
ac_cv_func_memmove=yes
ac_cv_func_memset=yes
ac_cv_func_poll=yes
ac_cv_func_socket=yes
ac_cv_func_strchr=yes
ac_cv_func_strdup=yes
ac_cv_func_strerror=yes
ac_cv_func_strtol=yes
ac_cv_header_arpa_inet_h=yes
ac_cv_header_dlfcn_h=yes
ac_cv_header_fcntl_h=yes
ac_cv_header_inttypes_h=yes
ac_cv_header_memory_h=yes
ac_cv_header_netdb_h=yes
ac_cv_header_netinet_in_h=yes
ac_cv_header_stdc=yes
ac_cv_header_stdint_h=yes
ac_cv_header_stdlib_h=yes
ac_cv_header_string_h=yes
ac_cv_header_strings_h=yes
ac_cv_header_sys_socket_h=yes
ac_cv_header_sys_stat_h=yes
ac_cv_header_sys_time_h=yes
ac_cv_header_sys_types_h=yes
ac_cv_header_sys_utsname_h=yes
ac_cv_header_time=yes
ac_cv_header_unistd_h=yes
ac_cv_host=x86_64-unknown-linux-gnu
ac_cv_lib_pthread_pthread_mutex_lock=yes
ac_cv_objext=o
ac_cv_path_CPPUNIT_CONFIG=no
ac_cv_path_EGREP='/bin/grep -E'
ac_cv_path_FGREP='/bin/grep -F'
ac_cv_path_GREP=/bin/grep
ac_cv_path_SED=/bin/sed
ac_cv_path_ac_pt_DX_DOXYGEN=/usr/bin/doxygen
ac_cv_path_ac_pt_DX_PERL=/usr/bin/perl
ac_cv_path_install='/usr/bin/install -c'
ac_cv_path_mkdir=/bin/mkdir
ac_cv_prog_AWK=gawk
ac_cv_prog_CPP='gcc -E'
ac_cv_prog_CXXCPP='g++ -E'
ac_cv_prog_ac_ct_AR=ar
ac_cv_prog_ac_ct_CC=gcc
ac_cv_prog_ac_ct_CXX=g++
ac_cv_prog_ac_ct_OBJDUMP=objdump
ac_cv_prog_ac_ct_RANLIB=ranlib
ac_cv_prog_ac_ct_STRIP=strip
ac_cv_prog_cc_c89=
ac_cv_prog_cc_g=yes
ac_cv_prog_cc_gcc_c_o=yes
ac_cv_prog_cxx_g=yes
ac_cv_prog_make_make_set=yes
ac_cv_type_nfds_t=yes
am_cv_CC_dependencies_compiler_type=gcc3
am_cv_CXX_dependencies_compiler_type=gcc3
lt_cv_ar_at_file=@
lt_cv_archive_cmds_need_lc=no
lt_cv_deplibs_check_method=pass_all
lt_cv_file_magic_cmd='$MAGIC_CMD'
lt_cv_file_magic_test_file=
lt_cv_ld_reload_flag=-r
lt_cv_nm_interface='BSD nm'
lt_cv_objdir=.libs
lt_cv_path_LD=/usr/bin/ld
lt_cv_path_LDCXX='/usr/bin/ld -m elf_x86_64'
lt_cv_path_NM='/usr/bin/nm -B'
lt_cv_path_mainfest_tool=no
lt_cv_prog_compiler_c_o=yes
lt_cv_prog_compiler_c_o_CXX=yes
lt_cv_prog_compiler_pic='-fPIC -DPIC'
lt_cv_prog_compiler_pic_CXX='-fPIC -DPIC'
lt_cv_prog_compiler_pic_works=yes
lt_cv_prog_compiler_pic_works_CXX=yes
lt_cv_prog_compiler_rtti_exceptions=no
lt_cv_prog_compiler_static_works=yes
lt_cv_prog_compiler_static_works_CXX=yes
lt_cv_prog_gnu_ld=yes
lt_cv_prog_gnu_ldcxx=yes
lt_cv_sharedlib_from_linklib_cmd='printf %s\n'
lt_cv_shlibpath_overrides_runpath=no
lt_cv_sys_global_symbol_pipe='sed -n -e '\''s/^.*[	 ]\([ABCDGIRSTW][ABCDGIRSTW]*\)[	 ][	 ]*\([_A-Za-z][_A-Za-z0-9]*\)$/\1 \2 \2/p'\'' | sed '\''/ __gnu_lto/d'\'''
lt_cv_sys_global_symbol_to_c_name_address='sed -n -e '\''s/^: \([^ ]*\)[ ]*$/  {\"\1\", (void *) 0},/p'\'' -e '\''s/^[ABCDGIRSTW]* \([^ ]*\) \([^ ]*\)$/  {"\2", (void *) \&\2},/p'\'''
lt_cv_sys_global_symbol_to_c_name_address_lib_prefix='sed -n -e '\''s/^: \([^ ]*\)[ ]*$/  {\"\1\", (void *) 0},/p'\'' -e '\''s/^[ABCDGIRSTW]* \([^ ]*\) \(lib[^ ]*\)$/  {"\2", (void *) \&\2},/p'\'' -e '\''s/^[ABCDGIRSTW]* \([^ ]*\) \([^ ]*\)$/  {"lib\2", (void *) \&\2},/p'\'''
lt_cv_sys_global_symbol_to_cdecl='sed -n -e '\''s/^T .* \(.*\)$/extern int \1();/p'\'' -e '\''s/^[ABCDGIRSTW]* .* \(.*\)$/extern char \1;/p'\'''
lt_cv_sys_max_cmd_len=98304
lt_cv_to_host_file_cmd=func_convert_file_noop
lt_cv_to_tool_file_cmd=func_convert_file_noop

## ----------------- ##
## Output variables. ##
## ----------------- ##

ACLOCAL='${SHELL} /home/yangyuntao/pymonitor/c/missing --run aclocal-1.11'
AMDEPBACKSLASH='\'
AMDEP_FALSE='#'
AMDEP_TRUE=''
AMTAR='$${TAR-tar}'
AR='ar'
AUTOCONF='${SHELL} /home/yangyuntao/pymonitor/c/missing --run autoconf'
AUTOHEADER='${SHELL} /home/yangyuntao/pymonitor/c/missing --run autoheader'
AUTOMAKE='${SHELL} /home/yangyuntao/pymonitor/c/missing --run automake-1.11'
AWK='gawk'
CC='gcc'
CCDEPMODE='depmode=gcc3'
CFLAGS='-g -O2 -D_GNU_SOURCE'
CPP='gcc -E'
CPPFLAGS=''
CPPUNIT_CFLAGS=' -DZKSERVER_CMD="\"./tests/zkServer.sh\""'
CPPUNIT_CONFIG='no'
CPPUNIT_LIBS=''
CXX='g++'
CXXCPP='g++ -E'
CXXDEPMODE='depmode=gcc3'
CXXFLAGS='-g -O2'
CYGPATH_W='echo'
DEFS='-DHAVE_CONFIG_H'
DEPDIR='.deps'
DLLTOOL='false'
DOXYGEN_PAPER_SIZE=''
DSYMUTIL=''
DUMPBIN=''
DX_COND_chi_FALSE=''
DX_COND_chi_TRUE='#'
DX_COND_chm_FALSE=''
DX_COND_chm_TRUE='#'
DX_COND_doc_FALSE='#'
DX_COND_doc_TRUE=''
DX_COND_dot_FALSE='#'
DX_COND_dot_TRUE=''
DX_COND_html_FALSE='#'
DX_COND_html_TRUE=''
DX_COND_latex_FALSE=''
DX_COND_latex_TRUE='#'
DX_COND_man_FALSE=''
DX_COND_man_TRUE='#'
DX_COND_pdf_FALSE=''
DX_COND_pdf_TRUE='#'
DX_COND_ps_FALSE=''
DX_COND_ps_TRUE='#'
DX_COND_rtf_FALSE=''
DX_COND_rtf_TRUE='#'
DX_COND_xml_FALSE=''
DX_COND_xml_TRUE='#'
DX_CONFIG='c-doc.Doxyfile'
DX_DOCDIR='docs'
DX_DOT=''
DX_DOXYGEN='/usr/bin/doxygen'
DX_DVIPS=''
DX_EGREP=''
DX_ENV=' SRCDIR='\''.'\'' PROJECT='\''zookeeper'\'' DOCDIR='\''docs'\'' VERSION='\''3.3.6'\'' PERL_PATH='\''/usr/bin/perl'\'' HAVE_DOT='\''YES'\'' DOT_PATH='\''.'\'' GENERATE_MAN='\''NO'\'' GENERATE_RTF='\''NO'\'' GENERATE_XML='\''NO'\'' GENERATE_HTMLHELP='\''NO'\'' GENERATE_CHI='\''NO'\'' GENERATE_HTML='\''YES'\'' GENERATE_LATEX='\''NO'\'''
DX_FLAG_chi='0'
DX_FLAG_chm='0'
DX_FLAG_doc='1'
DX_FLAG_dot='1'
DX_FLAG_html='1'
DX_FLAG_man='0'
DX_FLAG_pdf='0'
DX_FLAG_ps='0'
DX_FLAG_rtf='0'
DX_FLAG_xml='0'
DX_HHC=''
DX_LATEX=''
DX_MAKEINDEX=''
DX_PDFLATEX=''
DX_PERL='/usr/bin/perl'
DX_PROJECT='zookeeper'
ECHO_C=''
ECHO_N='-n'
ECHO_T=''
EGREP='/bin/grep -E'
EXEEXT=''
FGREP='/bin/grep -F'
GREP='/bin/grep'
INSTALL_DATA='${INSTALL} -m 644'
INSTALL_PROGRAM='${INSTALL}'
INSTALL_SCRIPT='${INSTALL}'
INSTALL_STRIP_PROGRAM='$(install_sh) -c -s'
LD='/usr/bin/ld -m elf_x86_64'
LDFLAGS=''
LIBOBJS=''
LIBS=''
LIBTOOL='$(SHELL) $(top_builddir)/libtool'
LIPO=''
LN_S='ln -s'
LTLIBOBJS=''
MAKEINFO='${SHELL} /home/yangyuntao/pymonitor/c/missing --run makeinfo'
MANIFEST_TOOL=':'
MKDIR_P='/bin/mkdir -p'
NM='/usr/bin/nm -B'
NMEDIT=''
OBJDUMP='objdump'
OBJEXT='o'
OTOOL64=''
OTOOL=''
PACKAGE='c-client-src'
PACKAGE_BUGREPORT='zookeeper-user@hadoop.apache.org'
PACKAGE_NAME='zookeeper C client'
PACKAGE_STRING='zookeeper C client 3.3.6'
PACKAGE_TARNAME='c-client-src'
PACKAGE_URL=''
PACKAGE_VERSION='3.3.6'
PATH_SEPARATOR=':'
RANLIB='ranlib'
SED='/bin/sed'
SET_MAKE=''
SHELL='/bin/sh'
STRIP='strip'
USEIPV6='-DZOO_IPV6_ENABLED'
VERSION='3.3.6'
WANT_SYNCAPI_FALSE='#'
WANT_SYNCAPI_TRUE=''
ac_ct_AR='ar'
ac_ct_CC='gcc'
ac_ct_CXX='g++'
ac_ct_DUMPBIN=''
am__EXEEXT_FALSE=''
am__EXEEXT_TRUE='#'
am__fastdepCC_FALSE='#'
am__fastdepCC_TRUE=''
am__fastdepCXX_FALSE='#'
am__fastdepCXX_TRUE=''
am__include='include'
am__isrc=''
am__leading_dot='.'
am__nodep='_no'
am__quote=''
am__tar='$${TAR-tar} chof - "$$tardir"'
am__untar='$${TAR-tar} xf -'
bindir='${exec_prefix}/bin'
build='x86_64-unknown-linux-gnu'
build_alias=''
build_cpu='x86_64'
build_os='linux-gnu'
build_vendor='unknown'
datadir='${datarootdir}'
datarootdir='${prefix}/share'
docdir='${datarootdir}/doc/${PACKAGE_TARNAME}'
dvidir='${docdir}'
exec_prefix='${prefix}'
host='x86_64-unknown-linux-gnu'
host_alias=''
host_cpu='x86_64'
host_os='linux-gnu'
host_vendor='unknown'
htmldir='${docdir}'
includedir='${prefix}/include'
infodir='${datarootdir}/info'
install_sh='${SHELL} /home/yangyuntao/pymonitor/c/install-sh'
libdir='${exec_prefix}/lib'
libexecdir='${exec_prefix}/libexec'
localedir='${datarootdir}/locale'
localstatedir='${prefix}/var'
mandir='${datarootdir}/man'
mkdir_p='/bin/mkdir -p'
oldincludedir='/usr/include'
pdfdir='${docdir}'
prefix='/usr/local'
program_transform_name='s,x,x,'
psdir='${docdir}'
sbindir='${exec_prefix}/sbin'
sharedstatedir='${prefix}/com'
sysconfdir='${prefix}/etc'
target_alias=''

## ----------- ##
## confdefs.h. ##
## ----------- ##

/* confdefs.h */
#define PACKAGE_NAME "zookeeper C client"
#define PACKAGE_TARNAME "c-client-src"
#define PACKAGE_VERSION "3.3.6"
#define PACKAGE_STRING "zookeeper C client 3.3.6"
#define PACKAGE_BUGREPORT "zookeeper-user@hadoop.apache.org"
#define PACKAGE_URL ""
#define PACKAGE "c-client-src"
#define VERSION "3.3.6"
#define HAVE_GENERATED_ZOOKEEPER_JUTE_C 1
#define HAVE_GENERATED_ZOOKEEPER_JUTE_H 1
#define STDC_HEADERS 1
#define HAVE_SYS_TYPES_H 1
#define HAVE_SYS_STAT_H 1
#define HAVE_STDLIB_H 1
#define HAVE_STRING_H 1
#define HAVE_MEMORY_H 1
#define HAVE_STRINGS_H 1
#define HAVE_INTTYPES_H 1
#define HAVE_STDINT_H 1
#define HAVE_UNISTD_H 1
#define HAVE_DLFCN_H 1
#define LT_OBJDIR ".libs/"
#define STDC_HEADERS 1
#define HAVE_ARPA_INET_H 1
#define HAVE_FCNTL_H 1
#define HAVE_NETDB_H 1
#define HAVE_NETINET_IN_H 1
#define HAVE_STDLIB_H 1
#define HAVE_STRING_H 1
#define HAVE_SYS_SOCKET_H 1
#define HAVE_SYS_TIME_H 1
#define HAVE_UNISTD_H 1
#define HAVE_SYS_UTSNAME_H 1
#define TIME_WITH_SYS_TIME 1
#define POLL_NFDS_TYPE nfds_t
#define HAVE_GETCWD 1
#define HAVE_GETHOSTBYNAME 1
#define HAVE_GETHOSTNAME 1
#define HAVE_GETLOGIN 1
#define HAVE_GETPWUID_R 1
#define HAVE_GETTIMEOFDAY 1
#define HAVE_GETUID 1
#define HAVE_MEMMOVE 1
#define HAVE_MEMSET 1
#define HAVE_POLL 1
#define HAVE_SOCKET 1
#define HAVE_STRCHR 1
#define HAVE_STRDUP 1
#define HAVE_STRERROR 1
#define HAVE_STRTOL 1

configure: exit 0
